  Floor.cpp
C:\Users\tomhe\Downloads\GTEClib\source\Floor.cpp(2,10): fatal  error C1083: Cannot open include file: 'Floor.h': No such file or directory
  Font.cpp
C:\Users\tomhe\Downloads\GTEClib\source\Font.cpp(2,10): fatal  error C1083: Cannot open include file: 'Font.h': No such file or directory
  Game.cpp
C:\Users\tomhe\Downloads\GTEClib\source\Game.cpp(2,10): fatal  error C1083: Cannot open include file: 'Game.h': No such file or directory
  GameApp.cpp
C:\Users\tomhe\Downloads\GTEClib\source\GameApp.cpp(1,10): fatal  error C1083: Cannot open include file: 'GameApp.h': No such file or directory
  Graphics.cpp
C:\Users\tomhe\Downloads\GTEClib\source\Graphics.cpp(2,10): fatal  error C1083: Cannot open include file: 'Graphics.h': No such file or directory
  MD2model.cpp
C:\Users\tomhe\Downloads\GTEClib\source\MD2model.cpp(1,10): fatal  error C1083: Cannot open include file: 'MD2model.h': No such file or directory
  MD3model.cpp
C:\Users\tomhe\Downloads\GTEClib\source\MD3model.cpp(1,10): fatal  error C1083: Cannot open include file: 'MD3model.h': No such file or directory
  Model.cpp
C:\Users\tomhe\Downloads\GTEClib\source\Model.cpp(1,10): fatal  error C1083: Cannot open include file: 'Model.h': No such file or directory
  SoundPlayer.cpp
C:\Users\tomhe\Downloads\GTEClib\source\SoundPlayer.cpp(2,10): fatal  error C1083: Cannot open include file: 'SoundPlayer.h': No such file or directory
  Sprite.cpp
C:\Users\tomhe\Downloads\GTEClib\source\Sprite.cpp(2,10): fatal  error C1083: Cannot open include file: 'Sprite.h': No such file or directory
  Terrain.cpp
C:\Users\tomhe\Downloads\GTEClib\source\Terrain.cpp(2,10): fatal  error C1083: Cannot open include file: 'Terrain.h': No such file or directory
  Texture.cpp
C:\Users\tomhe\Downloads\GTEClib\source\Texture.cpp(2,10): fatal  error C1083: Cannot open include file: 'Texture.h': No such file or directory
  Vector3.cpp
C:\Users\tomhe\Downloads\GTEClib\source\Vector3.cpp(2,10): fatal  error C1083: Cannot open include file: 'Vector3.h': No such file or directory
  Generating Code...
